--------------------------------- Version Log ----------------------------------
Version                                 Path
System Generator 13.4                   /tools/Xilinx/13.4/ISE_DS/ISE/sysgen
Matlab 7.13.0.564 (R2011b)              /tools/matlab2011b
ISE                                     /tools/Xilinx/13.4/ISE_DS/ISE
--------------------------------------------------------------------------------
Summary of Errors:
Error 0001: Illegal data type
     Block: 'hispec_8192_v1/prequant_xx/max/convert'
--------------------------------------------------------------------------------

Error 0001:

Reported by:
  'hispec_8192_v1/prequant_xx/max/convert'

Details:
The only arithmetic type that can be converted to a boolean is an
unsigned 1-bit integer --- i.e., a UFix_1_0.  For C-language
style translation of other types to booleans, use a Relational
block set to test for values not equal to zero.
Error occurred during "Rate and Type Error Checking".

--------------------------------------------------------------------------------
